<?xml version="1.0" encoding="UTF-8"?>
<!-- Generated by org.testng.reporters.JUnitReportReporter -->
<testsuite skipped="0" hostname="Amu" name="Test_cases.Login_Tour" tests="1" failures="0" timestamp="05 Oct 2018 07:34:00 GMT" time="24.537" errors="0">
  <testcase name="Login" time="24.537" classname="Test_cases.Login_Tour"/>
</testsuite> <!-- Test_cases.Login_Tour -->
